<?xml version="1.0" encoding="UTF-8"?>
<testsuite name="javaATM.test.TransactionTest" tests="4" skipped="0" failures="0" errors="0" timestamp="2021-09-21T09:08:08" hostname="DESKTOP-G5C44PT" time="0.002">
  <properties/>
  <testcase name="testGetTransactionNumber()" classname="javaATM.test.TransactionTest" time="0.001"/>
  <testcase name="testGetTransactionType()" classname="javaATM.test.TransactionTest" time="0.0"/>
  <testcase name="testGetAccount()" classname="javaATM.test.TransactionTest" time="0.0"/>
  <testcase name="testGetTransactionAmount()" classname="javaATM.test.TransactionTest" time="0.0"/>
  <system-out><![CDATA[]]></system-out>
  <system-err><![CDATA[]]></system-err>
</testsuite>
