<?xml version="1.0" encoding="UTF-8"?>
<testsuite name="javaATM.test.AppTest" tests="1" skipped="0" failures="0" errors="0" timestamp="2021-09-21T09:08:08" hostname="DESKTOP-G5C44PT" time="0.0">
  <properties/>
  <testcase name="testApp()" classname="javaATM.test.AppTest" time="0.0"/>
  <system-out><![CDATA[]]></system-out>
  <system-err><![CDATA[]]></system-err>
</testsuite>
